2025-07-16T21:22:02.006+05:30  INFO 14872 --- [Crave_Clock_Portal] [main] c.e.c.c.p.CraveClockPortalApplication    : Starting CraveClockPortalApplication using Java 17.0.10 with PID 14872 (C:\Projects\Crave_Clock_Portal\target\classes started by shiv in C:\Projects\Crave_Clock_Portal)
2025-07-16T21:22:02.027+05:30 DEBUG 14872 --- [Crave_Clock_Portal] [main] c.e.c.c.p.CraveClockPortalApplication    : Running with Spring Boot v3.5.3, Spring v6.2.8
2025-07-16T21:22:02.030+05:30  INFO 14872 --- [Crave_Clock_Portal] [main] c.e.c.c.p.CraveClockPortalApplication    : No active profile set, falling back to 1 default profile: "default"
2025-07-16T21:22:03.589+05:30  INFO 14872 --- [Crave_Clock_Portal] [main] .s.d.r.c.RepositoryConfigurationDelegate : Bootstrapping Spring Data JPA repositories in DEFAULT mode.
2025-07-16T21:22:03.743+05:30  INFO 14872 --- [Crave_Clock_Portal] [main] .s.d.r.c.RepositoryConfigurationDelegate : Finished Spring Data repository scanning in 132 ms. Found 6 JPA repository interfaces.
2025-07-16T21:22:04.875+05:30  INFO 14872 --- [Crave_Clock_Portal] [main] o.s.b.w.embedded.tomcat.TomcatWebServer  : Tomcat initialized with port 8082 (http)
2025-07-16T21:22:04.897+05:30  INFO 14872 --- [Crave_Clock_Portal] [main] o.apache.catalina.core.StandardService   : Starting service [Tomcat]
2025-07-16T21:22:04.897+05:30  INFO 14872 --- [Crave_Clock_Portal] [main] o.apache.catalina.core.StandardEngine    : Starting Servlet engine: [Apache Tomcat/10.1.42]
2025-07-16T21:22:04.996+05:30  INFO 14872 --- [Crave_Clock_Portal] [main] o.a.c.c.C.[Tomcat].[localhost].[/]       : Initializing Spring embedded WebApplicationContext
2025-07-16T21:22:04.997+05:30  INFO 14872 --- [Crave_Clock_Portal] [main] w.s.c.ServletWebServerApplicationContext : Root WebApplicationContext: initialization completed in 2838 ms
2025-07-16T21:22:05.418+05:30  INFO 14872 --- [Crave_Clock_Portal] [main] o.hibernate.jpa.internal.util.LogHelper  : HHH000204: Processing PersistenceUnitInfo [name: default]
2025-07-16T21:22:05.538+05:30  INFO 14872 --- [Crave_Clock_Portal] [main] org.hibernate.Version                    : HHH000412: Hibernate ORM core version 6.6.18.Final
2025-07-16T21:22:05.651+05:30  INFO 14872 --- [Crave_Clock_Portal] [main] o.h.c.internal.RegionFactoryInitiator    : HHH000026: Second-level cache disabled
2025-07-16T21:22:06.206+05:30  INFO 14872 --- [Crave_Clock_Portal] [main] o.s.o.j.p.SpringPersistenceUnitInfo      : No LoadTimeWeaver setup: ignoring JPA class transformer
2025-07-16T21:22:06.266+05:30  INFO 14872 --- [Crave_Clock_Portal] [main] com.zaxxer.hikari.HikariDataSource       : HikariPool-1 - Starting...
2025-07-16T21:22:06.967+05:30  INFO 14872 --- [Crave_Clock_Portal] [main] com.zaxxer.hikari.pool.HikariPool        : HikariPool-1 - Added connection oracle.jdbc.driver.T4CConnection@4756e5cc
2025-07-16T21:22:06.969+05:30  INFO 14872 --- [Crave_Clock_Portal] [main] com.zaxxer.hikari.HikariDataSource       : HikariPool-1 - Start completed.
2025-07-16T21:22:07.126+05:30  WARN 14872 --- [Crave_Clock_Portal] [main] org.hibernate.dialect.Dialect            : HHH000511: The 10.2.0 version for [org.hibernate.dialect.OracleDialect] is no longer supported, hence certain features may not work properly. The minimum supported version is 19.0.0. Check the community dialects project for available legacy versions.
2025-07-16T21:22:07.563+05:30  INFO 14872 --- [Crave_Clock_Portal] [main] org.hibernate.orm.connections.pooling    : HHH10001005: Database info:
	Database JDBC URL [Connecting through datasource 'HikariDataSource (HikariPool-1)']
	Database driver: undefined/unknown
	Database version: 10.2
	Autocommit mode: undefined/unknown
	Isolation level: undefined/unknown
	Minimum pool size: undefined/unknown
	Maximum pool size: undefined/unknown
2025-07-16T21:22:08.825+05:30  INFO 14872 --- [Crave_Clock_Portal] [main] o.h.e.t.j.p.i.JtaPlatformInitiator       : HHH000489: No JTA platform available (set 'hibernate.transaction.jta.platform' to enable JTA platform integration)
2025-07-16T21:22:09.055+05:30  INFO 14872 --- [Crave_Clock_Portal] [main] j.LocalContainerEntityManagerFactoryBean : Initialized JPA EntityManagerFactory for persistence unit 'default'
2025-07-16T21:22:09.498+05:30  INFO 14872 --- [Crave_Clock_Portal] [main] o.s.d.j.r.query.QueryEnhancerFactory     : Hibernate is in classpath; If applicable, HQL parser will be used.
2025-07-16T21:22:09.663+05:30 DEBUG 14872 --- [Crave_Clock_Portal] [main] c.e.c.c.portal.filters.JwtAuthFilter     : Filter 'jwtAuthFilter' configured for use
2025-07-16T21:22:09.991+05:30  WARN 14872 --- [Crave_Clock_Portal] [main] JpaBaseConfiguration$JpaWebConfiguration : spring.jpa.open-in-view is enabled by default. Therefore, database queries may be performed during view rendering. Explicitly configure spring.jpa.open-in-view to disable this warning
2025-07-16T21:22:10.374+05:30  INFO 14872 --- [Crave_Clock_Portal] [main] r$InitializeUserDetailsManagerConfigurer : Global AuthenticationManager configured with UserDetailsService bean with name customUserDetailsService
2025-07-16T21:22:10.906+05:30  INFO 14872 --- [Crave_Clock_Portal] [main] o.s.b.w.embedded.tomcat.TomcatWebServer  : Tomcat started on port 8082 (http) with context path '/'
2025-07-16T21:22:10.919+05:30  INFO 14872 --- [Crave_Clock_Portal] [main] c.e.c.c.p.CraveClockPortalApplication    : Started CraveClockPortalApplication in 9.933 seconds (process running for 10.778)
2025-07-16T21:24:57.916+05:30  INFO 14872 --- [Crave_Clock_Portal] [http-nio-8082-exec-1] o.a.c.c.C.[Tomcat].[localhost].[/]       : Initializing Spring DispatcherServlet 'dispatcherServlet'
2025-07-16T21:24:57.917+05:30  INFO 14872 --- [Crave_Clock_Portal] [http-nio-8082-exec-1] o.s.web.servlet.DispatcherServlet        : Initializing Servlet 'dispatcherServlet'
2025-07-16T21:24:57.918+05:30  INFO 14872 --- [Crave_Clock_Portal] [http-nio-8082-exec-1] o.s.web.servlet.DispatcherServlet        : Completed initialization in 1 ms
2025-07-16T21:24:57.964+05:30  INFO 14872 --- [Crave_Clock_Portal] [http-nio-8082-exec-1] c.c.p.c.RestaurantDetailScreenController : Vendor controller called
2025-07-16T21:25:09.456+05:30  INFO 14872 --- [Crave_Clock_Portal] [http-nio-8082-exec-4] c.e.c.c.p.controller.CartItemController  : getCart called
2025-07-16T21:25:09.464+05:30  INFO 14872 --- [Crave_Clock_Portal] [http-nio-8082-exec-3] c.e.c.c.p.c.MenuScreenController         : Menu Controller called
2025-07-16T21:25:24.735+05:30  INFO 14872 --- [Crave_Clock_Portal] [http-nio-8082-exec-2] c.e.c.c.p.controller.OrderController     : Order Created
2025-07-16T21:25:24.806+05:30  INFO 14872 --- [Crave_Clock_Portal] [http-nio-8082-exec-2] c.e.c.c.p.serviceImpl.OrderServiceImpl   : Data saved into CC_ORDER
2025-07-16T21:25:24.813+05:30  INFO 14872 --- [Crave_Clock_Portal] [http-nio-8082-exec-2] c.e.c.c.p.serviceImpl.OrderServiceImpl   : Data saved into CC_ORDER_ITEMS
2025-07-16T21:26:35.752+05:30  INFO 14872 --- [Crave_Clock_Portal] [http-nio-8082-exec-8] c.e.c.c.p.controller.OrderController     : Order Created
2025-07-16T21:26:35.757+05:30  INFO 14872 --- [Crave_Clock_Portal] [http-nio-8082-exec-8] c.e.c.c.p.serviceImpl.OrderServiceImpl   : Data saved into CC_ORDER
2025-07-16T21:26:35.758+05:30  INFO 14872 --- [Crave_Clock_Portal] [http-nio-8082-exec-8] c.e.c.c.p.serviceImpl.OrderServiceImpl   : Data saved into CC_ORDER_ITEMS
2025-07-16T21:30:58.893+05:30  INFO 14872 --- [Crave_Clock_Portal] [http-nio-8082-exec-2] c.e.c.c.p.controller.OrderController     : Order Created
2025-07-16T21:30:58.899+05:30  INFO 14872 --- [Crave_Clock_Portal] [http-nio-8082-exec-2] c.e.c.c.p.serviceImpl.OrderServiceImpl   : Data saved into CC_ORDER
2025-07-16T21:30:58.901+05:30  INFO 14872 --- [Crave_Clock_Portal] [http-nio-8082-exec-2] c.e.c.c.p.serviceImpl.OrderServiceImpl   : Data saved into CC_ORDER_ITEMS
2025-07-16T21:31:44.328+05:30  INFO 14872 --- [Crave_Clock_Portal] [http-nio-8082-exec-6] c.c.p.c.RestaurantDetailScreenController : Vendor controller called
2025-07-16T21:31:48.574+05:30  INFO 14872 --- [Crave_Clock_Portal] [http-nio-8082-exec-7] c.e.c.c.p.controller.CartItemController  : getCart called
2025-07-16T21:31:48.579+05:30  INFO 14872 --- [Crave_Clock_Portal] [http-nio-8082-exec-8] c.e.c.c.p.c.MenuScreenController         : Menu Controller called
2025-07-16T21:32:00.801+05:30  INFO 14872 --- [Crave_Clock_Portal] [http-nio-8082-exec-9] c.e.c.c.p.controller.OrderController     : Order Created
2025-07-16T21:32:00.807+05:30  INFO 14872 --- [Crave_Clock_Portal] [http-nio-8082-exec-9] c.e.c.c.p.serviceImpl.OrderServiceImpl   : Data saved into CC_ORDER
2025-07-16T21:32:00.809+05:30  INFO 14872 --- [Crave_Clock_Portal] [http-nio-8082-exec-9] c.e.c.c.p.serviceImpl.OrderServiceImpl   : Data saved into CC_ORDER_ITEMS
2025-07-16T21:33:09.527+05:30  INFO 14872 --- [Crave_Clock_Portal] [http-nio-8082-exec-3] c.e.c.c.p.controller.OrderController     : Order Created
2025-07-16T21:33:09.530+05:30  INFO 14872 --- [Crave_Clock_Portal] [http-nio-8082-exec-3] c.e.c.c.p.serviceImpl.OrderServiceImpl   : Data saved into CC_ORDER
2025-07-16T21:33:09.531+05:30  INFO 14872 --- [Crave_Clock_Portal] [http-nio-8082-exec-3] c.e.c.c.p.serviceImpl.OrderServiceImpl   : Data saved into CC_ORDER_ITEMS
2025-07-16T21:37:32.283+05:30  INFO 14872 --- [Crave_Clock_Portal] [SpringApplicationShutdownHook] o.s.b.w.e.tomcat.GracefulShutdown        : Commencing graceful shutdown. Waiting for active requests to complete
2025-07-16T21:37:32.401+05:30  INFO 14872 --- [Crave_Clock_Portal] [tomcat-shutdown] o.s.b.w.e.tomcat.GracefulShutdown        : Graceful shutdown complete
2025-07-16T21:37:32.407+05:30  INFO 14872 --- [Crave_Clock_Portal] [SpringApplicationShutdownHook] j.LocalContainerEntityManagerFactoryBean : Closing JPA EntityManagerFactory for persistence unit 'default'
2025-07-16T21:37:32.410+05:30  INFO 14872 --- [Crave_Clock_Portal] [SpringApplicationShutdownHook] com.zaxxer.hikari.HikariDataSource       : HikariPool-1 - Shutdown initiated...
2025-07-16T21:37:32.423+05:30  INFO 14872 --- [Crave_Clock_Portal] [SpringApplicationShutdownHook] com.zaxxer.hikari.HikariDataSource       : HikariPool-1 - Shutdown completed.
2025-07-16T21:37:37.507+05:30  INFO 1692 --- [Crave_Clock_Portal] [main] c.e.c.c.p.CraveClockPortalApplication    : Starting CraveClockPortalApplication using Java 17.0.10 with PID 1692 (C:\Projects\Crave_Clock_Portal\target\classes started by shiv in C:\Projects\Crave_Clock_Portal)
2025-07-16T21:37:37.517+05:30 DEBUG 1692 --- [Crave_Clock_Portal] [main] c.e.c.c.p.CraveClockPortalApplication    : Running with Spring Boot v3.5.3, Spring v6.2.8
2025-07-16T21:37:37.519+05:30  INFO 1692 --- [Crave_Clock_Portal] [main] c.e.c.c.p.CraveClockPortalApplication    : No active profile set, falling back to 1 default profile: "default"
2025-07-16T21:37:38.892+05:30  INFO 1692 --- [Crave_Clock_Portal] [main] .s.d.r.c.RepositoryConfigurationDelegate : Bootstrapping Spring Data JPA repositories in DEFAULT mode.
2025-07-16T21:37:39.044+05:30  INFO 1692 --- [Crave_Clock_Portal] [main] .s.d.r.c.RepositoryConfigurationDelegate : Finished Spring Data repository scanning in 130 ms. Found 6 JPA repository interfaces.
2025-07-16T21:37:40.063+05:30  INFO 1692 --- [Crave_Clock_Portal] [main] o.s.b.w.embedded.tomcat.TomcatWebServer  : Tomcat initialized with port 8082 (http)
2025-07-16T21:37:40.079+05:30  INFO 1692 --- [Crave_Clock_Portal] [main] o.apache.catalina.core.StandardService   : Starting service [Tomcat]
2025-07-16T21:37:40.080+05:30  INFO 1692 --- [Crave_Clock_Portal] [main] o.apache.catalina.core.StandardEngine    : Starting Servlet engine: [Apache Tomcat/10.1.42]
2025-07-16T21:37:40.163+05:30  INFO 1692 --- [Crave_Clock_Portal] [main] o.a.c.c.C.[Tomcat].[localhost].[/]       : Initializing Spring embedded WebApplicationContext
2025-07-16T21:37:40.164+05:30  INFO 1692 --- [Crave_Clock_Portal] [main] w.s.c.ServletWebServerApplicationContext : Root WebApplicationContext: initialization completed in 2531 ms
2025-07-16T21:37:40.547+05:30  INFO 1692 --- [Crave_Clock_Portal] [main] o.hibernate.jpa.internal.util.LogHelper  : HHH000204: Processing PersistenceUnitInfo [name: default]
2025-07-16T21:37:40.639+05:30  INFO 1692 --- [Crave_Clock_Portal] [main] org.hibernate.Version                    : HHH000412: Hibernate ORM core version 6.6.18.Final
2025-07-16T21:37:40.724+05:30  INFO 1692 --- [Crave_Clock_Portal] [main] o.h.c.internal.RegionFactoryInitiator    : HHH000026: Second-level cache disabled
2025-07-16T21:37:41.284+05:30  INFO 1692 --- [Crave_Clock_Portal] [main] o.s.o.j.p.SpringPersistenceUnitInfo      : No LoadTimeWeaver setup: ignoring JPA class transformer
2025-07-16T21:37:41.344+05:30  INFO 1692 --- [Crave_Clock_Portal] [main] com.zaxxer.hikari.HikariDataSource       : HikariPool-1 - Starting...
2025-07-16T21:37:41.837+05:30  INFO 1692 --- [Crave_Clock_Portal] [main] com.zaxxer.hikari.pool.HikariPool        : HikariPool-1 - Added connection oracle.jdbc.driver.T4CConnection@698f4aa
2025-07-16T21:37:41.840+05:30  INFO 1692 --- [Crave_Clock_Portal] [main] com.zaxxer.hikari.HikariDataSource       : HikariPool-1 - Start completed.
2025-07-16T21:37:42.032+05:30  WARN 1692 --- [Crave_Clock_Portal] [main] org.hibernate.dialect.Dialect            : HHH000511: The 10.2.0 version for [org.hibernate.dialect.OracleDialect] is no longer supported, hence certain features may not work properly. The minimum supported version is 19.0.0. Check the community dialects project for available legacy versions.
2025-07-16T21:37:42.408+05:30  INFO 1692 --- [Crave_Clock_Portal] [main] org.hibernate.orm.connections.pooling    : HHH10001005: Database info:
	Database JDBC URL [Connecting through datasource 'HikariDataSource (HikariPool-1)']
	Database driver: undefined/unknown
	Database version: 10.2
	Autocommit mode: undefined/unknown
	Isolation level: undefined/unknown
	Minimum pool size: undefined/unknown
	Maximum pool size: undefined/unknown
2025-07-16T21:37:43.582+05:30  INFO 1692 --- [Crave_Clock_Portal] [main] o.h.e.t.j.p.i.JtaPlatformInitiator       : HHH000489: No JTA platform available (set 'hibernate.transaction.jta.platform' to enable JTA platform integration)
2025-07-16T21:37:43.751+05:30  INFO 1692 --- [Crave_Clock_Portal] [main] j.LocalContainerEntityManagerFactoryBean : Initialized JPA EntityManagerFactory for persistence unit 'default'
2025-07-16T21:37:44.109+05:30  INFO 1692 --- [Crave_Clock_Portal] [main] o.s.d.j.r.query.QueryEnhancerFactory     : Hibernate is in classpath; If applicable, HQL parser will be used.
2025-07-16T21:37:44.248+05:30 DEBUG 1692 --- [Crave_Clock_Portal] [main] c.e.c.c.portal.filters.JwtAuthFilter     : Filter 'jwtAuthFilter' configured for use
2025-07-16T21:37:44.578+05:30  WARN 1692 --- [Crave_Clock_Portal] [main] JpaBaseConfiguration$JpaWebConfiguration : spring.jpa.open-in-view is enabled by default. Therefore, database queries may be performed during view rendering. Explicitly configure spring.jpa.open-in-view to disable this warning
2025-07-16T21:37:44.885+05:30  INFO 1692 --- [Crave_Clock_Portal] [main] r$InitializeUserDetailsManagerConfigurer : Global AuthenticationManager configured with UserDetailsService bean with name customUserDetailsService
2025-07-16T21:37:45.365+05:30  INFO 1692 --- [Crave_Clock_Portal] [main] o.s.b.w.embedded.tomcat.TomcatWebServer  : Tomcat started on port 8082 (http) with context path '/'
2025-07-16T21:37:45.376+05:30  INFO 1692 --- [Crave_Clock_Portal] [main] c.e.c.c.p.CraveClockPortalApplication    : Started CraveClockPortalApplication in 8.81 seconds (process running for 9.38)
2025-07-16T21:38:06.150+05:30  INFO 1692 --- [Crave_Clock_Portal] [http-nio-8082-exec-1] o.a.c.c.C.[Tomcat].[localhost].[/]       : Initializing Spring DispatcherServlet 'dispatcherServlet'
2025-07-16T21:38:06.150+05:30  INFO 1692 --- [Crave_Clock_Portal] [http-nio-8082-exec-1] o.s.web.servlet.DispatcherServlet        : Initializing Servlet 'dispatcherServlet'
2025-07-16T21:38:06.152+05:30  INFO 1692 --- [Crave_Clock_Portal] [http-nio-8082-exec-1] o.s.web.servlet.DispatcherServlet        : Completed initialization in 2 ms
2025-07-16T21:38:06.220+05:30  INFO 1692 --- [Crave_Clock_Portal] [http-nio-8082-exec-1] c.c.p.c.RestaurantDetailScreenController : Vendor controller called
2025-07-16T21:38:07.638+05:30  INFO 1692 --- [Crave_Clock_Portal] [http-nio-8082-exec-3] c.e.c.c.p.controller.CartItemController  : getCart called
2025-07-16T21:38:07.649+05:30  INFO 1692 --- [Crave_Clock_Portal] [http-nio-8082-exec-2] c.e.c.c.p.c.MenuScreenController         : Menu Controller called
2025-07-16T21:38:20.738+05:30  INFO 1692 --- [Crave_Clock_Portal] [http-nio-8082-exec-4] c.e.c.c.p.controller.OrderController     : Order Created
2025-07-16T21:38:20.835+05:30  INFO 1692 --- [Crave_Clock_Portal] [http-nio-8082-exec-4] c.e.c.c.p.serviceImpl.OrderServiceImpl   : Data saved into CC_ORDER
2025-07-16T21:38:20.841+05:30  INFO 1692 --- [Crave_Clock_Portal] [http-nio-8082-exec-4] c.e.c.c.p.serviceImpl.OrderServiceImpl   : Data saved into CC_ORDER_ITEMS
2025-07-16T21:38:22.362+05:30  INFO 1692 --- [Crave_Clock_Portal] [http-nio-8082-exec-5] c.e.c.c.p.controller.OrderController     : Order History Called
2025-07-16T21:40:05.512+05:30  INFO 1692 --- [Crave_Clock_Portal] [SpringApplicationShutdownHook] o.s.b.w.e.tomcat.GracefulShutdown        : Commencing graceful shutdown. Waiting for active requests to complete
2025-07-16T21:40:05.643+05:30  INFO 1692 --- [Crave_Clock_Portal] [tomcat-shutdown] o.s.b.w.e.tomcat.GracefulShutdown        : Graceful shutdown complete
2025-07-16T21:40:05.648+05:30  INFO 1692 --- [Crave_Clock_Portal] [SpringApplicationShutdownHook] j.LocalContainerEntityManagerFactoryBean : Closing JPA EntityManagerFactory for persistence unit 'default'
2025-07-16T21:40:05.650+05:30  INFO 1692 --- [Crave_Clock_Portal] [SpringApplicationShutdownHook] com.zaxxer.hikari.HikariDataSource       : HikariPool-1 - Shutdown initiated...
2025-07-16T21:40:05.658+05:30  INFO 1692 --- [Crave_Clock_Portal] [SpringApplicationShutdownHook] com.zaxxer.hikari.HikariDataSource       : HikariPool-1 - Shutdown completed.
2025-07-16T21:40:10.955+05:30  INFO 18624 --- [Crave_Clock_Portal] [main] c.e.c.c.p.CraveClockPortalApplication    : Starting CraveClockPortalApplication using Java 17.0.10 with PID 18624 (C:\Projects\Crave_Clock_Portal\target\classes started by shiv in C:\Projects\Crave_Clock_Portal)
2025-07-16T21:40:10.962+05:30 DEBUG 18624 --- [Crave_Clock_Portal] [main] c.e.c.c.p.CraveClockPortalApplication    : Running with Spring Boot v3.5.3, Spring v6.2.8
2025-07-16T21:40:10.973+05:30  INFO 18624 --- [Crave_Clock_Portal] [main] c.e.c.c.p.CraveClockPortalApplication    : No active profile set, falling back to 1 default profile: "default"
2025-07-16T21:40:12.389+05:30  INFO 18624 --- [Crave_Clock_Portal] [main] .s.d.r.c.RepositoryConfigurationDelegate : Bootstrapping Spring Data JPA repositories in DEFAULT mode.
2025-07-16T21:40:12.621+05:30  INFO 18624 --- [Crave_Clock_Portal] [main] .s.d.r.c.RepositoryConfigurationDelegate : Finished Spring Data repository scanning in 197 ms. Found 6 JPA repository interfaces.
2025-07-16T21:40:13.750+05:30  INFO 18624 --- [Crave_Clock_Portal] [main] o.s.b.w.embedded.tomcat.TomcatWebServer  : Tomcat initialized with port 8082 (http)
2025-07-16T21:40:13.776+05:30  INFO 18624 --- [Crave_Clock_Portal] [main] o.apache.catalina.core.StandardService   : Starting service [Tomcat]
2025-07-16T21:40:13.776+05:30  INFO 18624 --- [Crave_Clock_Portal] [main] o.apache.catalina.core.StandardEngine    : Starting Servlet engine: [Apache Tomcat/10.1.42]
2025-07-16T21:40:13.879+05:30  INFO 18624 --- [Crave_Clock_Portal] [main] o.a.c.c.C.[Tomcat].[localhost].[/]       : Initializing Spring embedded WebApplicationContext
2025-07-16T21:40:13.880+05:30  INFO 18624 --- [Crave_Clock_Portal] [main] w.s.c.ServletWebServerApplicationContext : Root WebApplicationContext: initialization completed in 2776 ms
2025-07-16T21:40:14.322+05:30  INFO 18624 --- [Crave_Clock_Portal] [main] o.hibernate.jpa.internal.util.LogHelper  : HHH000204: Processing PersistenceUnitInfo [name: default]
2025-07-16T21:40:14.413+05:30  INFO 18624 --- [Crave_Clock_Portal] [main] org.hibernate.Version                    : HHH000412: Hibernate ORM core version 6.6.18.Final
2025-07-16T21:40:14.498+05:30  INFO 18624 --- [Crave_Clock_Portal] [main] o.h.c.internal.RegionFactoryInitiator    : HHH000026: Second-level cache disabled
2025-07-16T21:40:15.201+05:30  INFO 18624 --- [Crave_Clock_Portal] [main] o.s.o.j.p.SpringPersistenceUnitInfo      : No LoadTimeWeaver setup: ignoring JPA class transformer
2025-07-16T21:40:15.272+05:30  INFO 18624 --- [Crave_Clock_Portal] [main] com.zaxxer.hikari.HikariDataSource       : HikariPool-1 - Starting...
2025-07-16T21:40:15.783+05:30  INFO 18624 --- [Crave_Clock_Portal] [main] com.zaxxer.hikari.pool.HikariPool        : HikariPool-1 - Added connection oracle.jdbc.driver.T4CConnection@182cc69e
2025-07-16T21:40:15.784+05:30  INFO 18624 --- [Crave_Clock_Portal] [main] com.zaxxer.hikari.HikariDataSource       : HikariPool-1 - Start completed.
2025-07-16T21:40:15.940+05:30  WARN 18624 --- [Crave_Clock_Portal] [main] org.hibernate.dialect.Dialect            : HHH000511: The 10.2.0 version for [org.hibernate.dialect.OracleDialect] is no longer supported, hence certain features may not work properly. The minimum supported version is 19.0.0. Check the community dialects project for available legacy versions.
2025-07-16T21:40:16.245+05:30  INFO 18624 --- [Crave_Clock_Portal] [main] org.hibernate.orm.connections.pooling    : HHH10001005: Database info:
	Database JDBC URL [Connecting through datasource 'HikariDataSource (HikariPool-1)']
	Database driver: undefined/unknown
	Database version: 10.2
	Autocommit mode: undefined/unknown
	Isolation level: undefined/unknown
	Minimum pool size: undefined/unknown
	Maximum pool size: undefined/unknown
2025-07-16T21:40:17.397+05:30  INFO 18624 --- [Crave_Clock_Portal] [main] o.h.e.t.j.p.i.JtaPlatformInitiator       : HHH000489: No JTA platform available (set 'hibernate.transaction.jta.platform' to enable JTA platform integration)
2025-07-16T21:40:17.573+05:30  INFO 18624 --- [Crave_Clock_Portal] [main] j.LocalContainerEntityManagerFactoryBean : Initialized JPA EntityManagerFactory for persistence unit 'default'
2025-07-16T21:40:18.075+05:30  INFO 18624 --- [Crave_Clock_Portal] [main] o.s.d.j.r.query.QueryEnhancerFactory     : Hibernate is in classpath; If applicable, HQL parser will be used.
2025-07-16T21:40:18.158+05:30 DEBUG 18624 --- [Crave_Clock_Portal] [main] c.e.c.c.portal.filters.JwtAuthFilter     : Filter 'jwtAuthFilter' configured for use
2025-07-16T21:40:18.503+05:30  WARN 18624 --- [Crave_Clock_Portal] [main] JpaBaseConfiguration$JpaWebConfiguration : spring.jpa.open-in-view is enabled by default. Therefore, database queries may be performed during view rendering. Explicitly configure spring.jpa.open-in-view to disable this warning
2025-07-16T21:40:19.027+05:30  INFO 18624 --- [Crave_Clock_Portal] [main] r$InitializeUserDetailsManagerConfigurer : Global AuthenticationManager configured with UserDetailsService bean with name customUserDetailsService
2025-07-16T21:40:19.591+05:30  INFO 18624 --- [Crave_Clock_Portal] [main] o.s.b.w.embedded.tomcat.TomcatWebServer  : Tomcat started on port 8082 (http) with context path '/'
2025-07-16T21:40:19.607+05:30  INFO 18624 --- [Crave_Clock_Portal] [main] c.e.c.c.p.CraveClockPortalApplication    : Started CraveClockPortalApplication in 9.693 seconds (process running for 10.322)
2025-07-16T21:40:41.285+05:30  INFO 18624 --- [Crave_Clock_Portal] [http-nio-8082-exec-6] o.a.c.c.C.[Tomcat].[localhost].[/]       : Initializing Spring DispatcherServlet 'dispatcherServlet'
2025-07-16T21:40:41.286+05:30  INFO 18624 --- [Crave_Clock_Portal] [http-nio-8082-exec-6] o.s.web.servlet.DispatcherServlet        : Initializing Servlet 'dispatcherServlet'
2025-07-16T21:40:41.288+05:30  INFO 18624 --- [Crave_Clock_Portal] [http-nio-8082-exec-6] o.s.web.servlet.DispatcherServlet        : Completed initialization in 2 ms
2025-07-16T21:40:41.476+05:30  INFO 18624 --- [Crave_Clock_Portal] [http-nio-8082-exec-6] c.e.c.c.p.controller.OrderController     : Order Created
2025-07-16T21:40:41.692+05:30  INFO 18624 --- [Crave_Clock_Portal] [http-nio-8082-exec-6] c.e.c.c.p.serviceImpl.OrderServiceImpl   : Data saved into CC_ORDER
2025-07-16T21:40:41.697+05:30  INFO 18624 --- [Crave_Clock_Portal] [http-nio-8082-exec-6] c.e.c.c.p.serviceImpl.OrderServiceImpl   : Data saved into CC_ORDER_ITEMS
2025-07-16T21:43:31.176+05:30  INFO 18624 --- [Crave_Clock_Portal] [http-nio-8082-exec-2] c.e.c.c.p.controller.OrderController     : Order Created
2025-07-16T21:43:31.181+05:30  INFO 18624 --- [Crave_Clock_Portal] [http-nio-8082-exec-2] c.e.c.c.p.serviceImpl.OrderServiceImpl   : Data saved into CC_ORDER
2025-07-16T21:43:31.181+05:30  INFO 18624 --- [Crave_Clock_Portal] [http-nio-8082-exec-2] c.e.c.c.p.serviceImpl.OrderServiceImpl   : Data saved into CC_ORDER_ITEMS
2025-07-16T21:44:28.747+05:30  INFO 18624 --- [Crave_Clock_Portal] [http-nio-8082-exec-1] c.c.p.c.RestaurantDetailScreenController : Vendor controller called
2025-07-16T21:47:08.452+05:30  INFO 18624 --- [Crave_Clock_Portal] [http-nio-8082-exec-3] c.c.p.c.RestaurantDetailScreenController : Vendor controller called
2025-07-16T21:47:09.835+05:30  INFO 18624 --- [Crave_Clock_Portal] [http-nio-8082-exec-8] c.e.c.c.p.c.MenuScreenController         : Menu Controller called
2025-07-16T21:47:09.845+05:30  INFO 18624 --- [Crave_Clock_Portal] [http-nio-8082-exec-4] c.e.c.c.p.controller.CartItemController  : getCart called
2025-07-16T21:47:26.346+05:30  INFO 18624 --- [Crave_Clock_Portal] [http-nio-8082-exec-9] c.e.c.c.p.controller.OrderController     : Order Created
2025-07-16T21:47:26.351+05:30  INFO 18624 --- [Crave_Clock_Portal] [http-nio-8082-exec-9] c.e.c.c.p.serviceImpl.OrderServiceImpl   : Data saved into CC_ORDER
2025-07-16T21:47:26.353+05:30  INFO 18624 --- [Crave_Clock_Portal] [http-nio-8082-exec-9] c.e.c.c.p.serviceImpl.OrderServiceImpl   : Data saved into CC_ORDER_ITEMS
2025-07-16T21:47:29.371+05:30  INFO 18624 --- [Crave_Clock_Portal] [http-nio-8082-exec-10] c.e.c.c.p.controller.OrderController     : Order History Called
2025-07-16T21:48:31.585+05:30  INFO 18624 --- [Crave_Clock_Portal] [http-nio-8082-exec-2] c.c.p.c.RestaurantDetailScreenController : Vendor controller called
2025-07-16T21:48:35.006+05:30  INFO 18624 --- [Crave_Clock_Portal] [http-nio-8082-exec-1] c.e.c.c.p.controller.OrderController     : Order History Called
2025-07-16T21:52:25.036+05:30  INFO 18624 --- [Crave_Clock_Portal] [http-nio-8082-exec-3] c.c.p.c.RestaurantDetailScreenController : Vendor controller called
2025-07-16T21:52:28.167+05:30  INFO 18624 --- [Crave_Clock_Portal] [http-nio-8082-exec-4] c.e.c.c.p.controller.OrderController     : Order History Called
2025-07-16T21:54:34.258+05:30  INFO 18624 --- [Crave_Clock_Portal] [http-nio-8082-exec-9] c.c.p.c.RestaurantDetailScreenController : Vendor controller called
2025-07-16T21:54:38.660+05:30  INFO 18624 --- [Crave_Clock_Portal] [http-nio-8082-exec-10] c.e.c.c.p.controller.OrderController     : Order History Called
2025-07-16T21:55:00.810+05:30  INFO 18624 --- [Crave_Clock_Portal] [http-nio-8082-exec-6] c.e.c.c.p.controller.CartItemController  : getCart called
2025-07-16T21:55:00.816+05:30  INFO 18624 --- [Crave_Clock_Portal] [http-nio-8082-exec-5] c.e.c.c.p.c.MenuScreenController         : Menu Controller called
2025-07-16T21:55:11.797+05:30  INFO 18624 --- [Crave_Clock_Portal] [http-nio-8082-exec-2] c.e.c.c.p.controller.OrderController     : Order Created
2025-07-16T21:55:11.801+05:30  INFO 18624 --- [Crave_Clock_Portal] [http-nio-8082-exec-2] c.e.c.c.p.serviceImpl.OrderServiceImpl   : Data saved into CC_ORDER
2025-07-16T21:55:11.803+05:30  INFO 18624 --- [Crave_Clock_Portal] [http-nio-8082-exec-2] c.e.c.c.p.serviceImpl.OrderServiceImpl   : Data saved into CC_ORDER_ITEMS
2025-07-16T21:55:14.103+05:30  INFO 18624 --- [Crave_Clock_Portal] [http-nio-8082-exec-1] c.e.c.c.p.controller.OrderController     : Order History Called
2025-07-16T21:55:22.297+05:30  INFO 18624 --- [Crave_Clock_Portal] [http-nio-8082-exec-7] c.e.c.c.p.controller.OrderController     : Order History Called
2025-07-16T21:55:34.450+05:30  INFO 18624 --- [Crave_Clock_Portal] [http-nio-8082-exec-3] c.c.p.c.RestaurantDetailScreenController : Vendor controller called
2025-07-16T21:56:34.379+05:30  INFO 18624 --- [Crave_Clock_Portal] [SpringApplicationShutdownHook] o.s.b.w.e.tomcat.GracefulShutdown        : Commencing graceful shutdown. Waiting for active requests to complete
2025-07-16T21:56:34.733+05:30  INFO 18624 --- [Crave_Clock_Portal] [tomcat-shutdown] o.s.b.w.e.tomcat.GracefulShutdown        : Graceful shutdown complete
2025-07-16T21:56:34.745+05:30  INFO 18624 --- [Crave_Clock_Portal] [SpringApplicationShutdownHook] j.LocalContainerEntityManagerFactoryBean : Closing JPA EntityManagerFactory for persistence unit 'default'
2025-07-16T21:56:34.751+05:30  INFO 18624 --- [Crave_Clock_Portal] [SpringApplicationShutdownHook] com.zaxxer.hikari.HikariDataSource       : HikariPool-1 - Shutdown initiated...
2025-07-16T21:56:34.768+05:30  INFO 18624 --- [Crave_Clock_Portal] [SpringApplicationShutdownHook] com.zaxxer.hikari.HikariDataSource       : HikariPool-1 - Shutdown completed.
